<?xml version="1.0" encoding="UTF-8"?>
<!-- Generated by org.testng.reporters.JUnitXMLReporter -->
<testsuite ignored="0" hostname="DESKTOP-L37FR1F" failures="0" tests="3" name="Regression Suite" time="9.657" errors="0" timestamp="2026-05-09T16:27:55 IST">
  <testcase classname="tests.LoginTest" name="validLoginTest" time="0.433"/>
  <testcase classname="tests.ProductTest" name="addProductToCartTest" time="0.603"/>
  <testcase classname="api.UserAPITest" name="getUsersTest" time="2.237"/>
</testsuite> <!-- Regression Suite -->
