<?xml version="1.0" encoding="UTF-8"?>
<testng-results ignored="0" total="3" passed="3" failed="0" skipped="0">
  <reporter-output>
  </reporter-output>
  <suite started-at="2026-05-09T16:27:45 IST" name="Advanced Automation Suite" finished-at="2026-05-09T16:27:55 IST" duration-ms="9657">
    <groups>
    </groups>
    <test started-at="2026-05-09T16:27:45 IST" name="Regression Suite" finished-at="2026-05-09T16:27:55 IST" duration-ms="9657">
      <class name="tests.LoginTest">
        <test-method is-config="true" signature="setup()[pri:0, instance:tests.LoginTest@229f66ed]" started-at="2026-05-09T16:27:45 IST" name="setup" finished-at="2026-05-09T16:27:49 IST" duration-ms="3727" status="PASS">
          <reporter-output>
          </reporter-output>
        </test-method> <!-- setup -->
        <test-method signature="validLoginTest()[pri:0, instance:tests.LoginTest@229f66ed]" started-at="2026-05-09T16:27:49 IST" name="validLoginTest" finished-at="2026-05-09T16:27:50 IST" duration-ms="433" status="PASS">
          <reporter-output>
          </reporter-output>
        </test-method> <!-- validLoginTest -->
        <test-method is-config="true" signature="teardown()[pri:0, instance:tests.LoginTest@229f66ed]" started-at="2026-05-09T16:27:50 IST" name="teardown" finished-at="2026-05-09T16:27:50 IST" duration-ms="279" status="PASS">
          <reporter-output>
          </reporter-output>
        </test-method> <!-- teardown -->
      </class> <!-- tests.LoginTest -->
      <class name="api.UserAPITest">
        <test-method signature="getUsersTest()[pri:0, instance:api.UserAPITest@65e98b1c]" started-at="2026-05-09T16:27:53 IST" name="getUsersTest" finished-at="2026-05-09T16:27:55 IST" duration-ms="2237" status="PASS">
          <reporter-output>
          </reporter-output>
        </test-method> <!-- getUsersTest -->
      </class> <!-- api.UserAPITest -->
      <class name="tests.ProductTest">
        <test-method is-config="true" signature="setup()[pri:0, instance:tests.ProductTest@1ff4931d]" started-at="2026-05-09T16:27:50 IST" name="setup" finished-at="2026-05-09T16:27:52 IST" duration-ms="2059" status="PASS">
          <reporter-output>
          </reporter-output>
        </test-method> <!-- setup -->
        <test-method signature="addProductToCartTest()[pri:0, instance:tests.ProductTest@1ff4931d]" started-at="2026-05-09T16:27:52 IST" name="addProductToCartTest" finished-at="2026-05-09T16:27:53 IST" duration-ms="603" status="PASS">
          <reporter-output>
          </reporter-output>
        </test-method> <!-- addProductToCartTest -->
        <test-method is-config="true" signature="teardown()[pri:0, instance:tests.ProductTest@1ff4931d]" started-at="2026-05-09T16:27:53 IST" name="teardown" finished-at="2026-05-09T16:27:53 IST" duration-ms="267" status="PASS">
          <reporter-output>
          </reporter-output>
        </test-method> <!-- teardown -->
      </class> <!-- tests.ProductTest -->
    </test> <!-- Regression Suite -->
  </suite> <!-- Advanced Automation Suite -->
</testng-results>
