<?xml version="1.0" encoding="UTF-8"?>
<testng-results ignored="0" total="3" passed="3" failed="0" skipped="0">
  <reporter-output>
  </reporter-output>
  <suite started-at="2026-05-09T17:26:15 IST" name="Advanced Automation Suite" finished-at="2026-05-09T17:26:31 IST" duration-ms="15399">
    <groups>
    </groups>
    <test started-at="2026-05-09T17:26:15 IST" name="Regression Suite" finished-at="2026-05-09T17:26:31 IST" duration-ms="15399">
      <class name="tests.LoginTest">
        <test-method is-config="true" signature="setup()[pri:0, instance:tests.LoginTest@7dcf94f8]" started-at="2026-05-09T17:26:15 IST" name="setup" finished-at="2026-05-09T17:26:23 IST" duration-ms="7190" status="PASS">
          <reporter-output>
          </reporter-output>
        </test-method> <!-- setup -->
        <test-method signature="validLoginTest()[pri:0, instance:tests.LoginTest@7dcf94f8]" started-at="2026-05-09T17:26:23 IST" name="validLoginTest" finished-at="2026-05-09T17:26:23 IST" duration-ms="659" status="PASS">
          <reporter-output>
          </reporter-output>
        </test-method> <!-- validLoginTest -->
        <test-method is-config="true" signature="teardown()[pri:0, instance:tests.LoginTest@7dcf94f8]" started-at="2026-05-09T17:26:23 IST" name="teardown" finished-at="2026-05-09T17:26:24 IST" duration-ms="339" status="PASS">
          <reporter-output>
          </reporter-output>
        </test-method> <!-- teardown -->
      </class> <!-- tests.LoginTest -->
      <class name="api.UserAPITest">
        <test-method signature="getUsersTest()[pri:0, instance:api.UserAPITest@1ff4931d]" started-at="2026-05-09T17:26:26 IST" name="getUsersTest" finished-at="2026-05-09T17:26:31 IST" duration-ms="4199" status="PASS">
          <reporter-output>
          </reporter-output>
        </test-method> <!-- getUsersTest -->
      </class> <!-- api.UserAPITest -->
      <class name="tests.ProductTest">
        <test-method is-config="true" signature="setup()[pri:0, instance:tests.ProductTest@710f4dc7]" started-at="2026-05-09T17:26:24 IST" name="setup" finished-at="2026-05-09T17:26:26 IST" duration-ms="2149" status="PASS">
          <reporter-output>
          </reporter-output>
        </test-method> <!-- setup -->
        <test-method signature="addProductToCartTest()[pri:0, instance:tests.ProductTest@710f4dc7]" started-at="2026-05-09T17:26:26 IST" name="addProductToCartTest" finished-at="2026-05-09T17:26:26 IST" duration-ms="506" status="PASS">
          <reporter-output>
          </reporter-output>
        </test-method> <!-- addProductToCartTest -->
        <test-method is-config="true" signature="teardown()[pri:0, instance:tests.ProductTest@710f4dc7]" started-at="2026-05-09T17:26:26 IST" name="teardown" finished-at="2026-05-09T17:26:26 IST" duration-ms="273" status="PASS">
          <reporter-output>
          </reporter-output>
        </test-method> <!-- teardown -->
      </class> <!-- tests.ProductTest -->
    </test> <!-- Regression Suite -->
  </suite> <!-- Advanced Automation Suite -->
</testng-results>
